\BOOKMARK [1][-]{section.1}{\376\377\225\356\230\230\143\317\217\360}{}% 1
\BOOKMARK [2][-]{subsection.1.1}{\376\377\123\237\131\313\213\335\230\230\140\305\130\203}{section.1}% 2
\BOOKMARK [2][-]{subsection.1.2}{\376\377\225\356\230\230\142\151\134\125\116\016\133\232\116\111}{section.1}% 3
\BOOKMARK [2][-]{subsection.1.3}{\376\377\136\372\152\041\211\201\160\271\124\214\213\304\117\060\143\007\150\007}{section.1}% 4
\BOOKMARK [1][-]{section.2}{\376\377\164\006\213\272\152\041\127\213}{}% 5
\BOOKMARK [2][-]{subsection.2.1}{\376\377\123\237\164\006\122\006\147\220\116\016\213\276\213\241\140\035\215\357}{section.2}% 6
\BOOKMARK [2][-]{subsection.2.2}{\376\377\145\160\133\146\152\041\127\213}{section.2}% 7
\BOOKMARK [1][-]{section.3}{\376\377\172\013\136\217\213\276\213\241}{}% 8
\BOOKMARK [2][-]{subsection.3.1}{\376\377\177\026\172\013\140\035\215\357}{section.3}% 9
\BOOKMARK [2][-]{subsection.3.2}{\376\377\116\073\211\201\155\101\172\013\126\376\123\312\213\364\146\016}{section.3}% 10
\BOOKMARK [3][-]{subsubsection.3.2.1}{\376\377\152\041\127\127\213\364\146\016}{subsection.3.2}% 11
\BOOKMARK [2][-]{subsection.3.3}{\376\377\176\323\147\234\122\006\147\220}{section.3}% 12
\BOOKMARK [3][-]{subsubsection.3.3.1}{\376\377\217\320\210\114\176\323\147\234\134\125\171\072}{subsection.3.3}% 13
\BOOKMARK [3][-]{subsubsection.3.3.2}{\376\377\000\040\176\323\147\234\232\214\213\301}{subsection.3.3}% 14
\BOOKMARK [3][-]{subsubsection.3.3.3}{\376\377\142\200\147\057\143\007\150\007}{subsection.3.3}% 15
\BOOKMARK [1][-]{section.4}{\376\377\000A\000I\123\117\124\014\213\276\213\241\122\006\147\220}{}% 16
\BOOKMARK [1][-]{section.5}{\376\377\140\073\176\323\116\016\117\123\117\032}{}% 17
\BOOKMARK [1][-]{appendix.A}{\376\377\000M\000A\000T\000L\000A\000B\000\040\116\343\170\001\133\236\163\260}{}% 18
\BOOKMARK [2][-]{subsection.A.1}{\376\377\116\073\172\013\136\217\145\207\116\366}{appendix.A}% 19
\BOOKMARK [2][-]{subsection.A.2}{\376\377\150\070\137\303\173\227\154\325\133\236\163\260}{appendix.A}% 20
\BOOKMARK [3][-]{subsubsection.A.2.1}{\376\377\166\370\117\115\130\360\170\001\126\150\145\366\225\364\142\311\117\070}{subsection.A.2}% 21
\BOOKMARK [3][-]{subsubsection.A.2.2}{\376\377\000S\000T\000F\000T\230\221\214\061\143\322\120\074}{subsection.A.2}% 22
\BOOKMARK [3][-]{subsubsection.A.2.3}{\376\377\133\214\145\164\123\330\214\003\122\237\200\375}{subsection.A.2}% 23
\BOOKMARK [3][-]{subsubsection.A.2.4}{\376\377\121\161\143\057\134\360\150\041\153\143\145\271\154\325}{subsection.A.2}% 24
\BOOKMARK [2][-]{subsection.A.3}{\376\377\122\006\147\220\116\016\123\357\211\306\123\026\135\345\121\167}{appendix.A}% 25
\BOOKMARK [3][-]{subsubsection.A.3.1}{\376\377\121\161\143\057\134\360\133\371\153\324\122\006\147\220}{subsection.A.3}% 26
\BOOKMARK [3][-]{subsubsection.A.3.2}{\376\377\000L\000P\000C\121\161\143\057\134\360\117\060\213\241}{subsection.A.3}% 27
\BOOKMARK [2][-]{subsection.A.4}{\376\377\155\113\213\325\116\016\157\024\171\072\172\013\136\217}{appendix.A}% 28
\BOOKMARK [3][-]{subsubsection.A.4.1}{\376\377\123\330\214\003\121\161\143\057\134\360\122\006\147\220\157\024\171\072}{subsection.A.4}% 29
\BOOKMARK [3][-]{subsubsection.A.4.2}{\376\377\120\022\214\061\127\337\150\041\153\143\157\024\171\072}{subsection.A.4}% 30
\BOOKMARK [1][-]{appendix.B}{\376\377\116\343\170\001\117\177\165\050\213\364\146\016}{}% 31
